Arguments: 
  C:\Program Files\nodejs\node.exe C:\Users\andre\AppData\Roaming\npm\node_modules\yarn\bin\yarn.js add aws-cdk-lib aws-sdk constructs source-map-support

PATH: 
  C:\Users\andre\bin;C:\Program Files\Git\mingw64\bin;C:\Program Files\Git\usr\local\bin;C:\Program Files\Git\usr\bin;C:\Program Files\Git\usr\bin;C:\Program Files\Git\mingw64\bin;C:\Program Files\Git\usr\bin;C:\Users\andre\bin;C:\Windows\system32;C:\Windows;C:\Windows\System32\Wbem;C:\Windows\System32\WindowsPowerShell\v1.0;C:\Windows\System32\OpenSSH;C:\Program Files\Git\cmd;C:\Program Files\nodejs;C:\ProgramData\chocolatey\bin;C:\Program Files\Docker\Docker\resources\bin;C:\Program Files\Amazon\AWSCLIV2;C:\Users\andre\AppData\Local\Programs\Python\Python310\Scripts;C:\Users\andre\AppData\Local\Programs\Python\Python310;D:\Scripts;D:\;C:\Program Files\MySQL\MySQL Shell 8.0\bin;C:\Users\andre\AppData\Local\Microsoft\WindowsApps;C:\Users\andre\AppData\Local\Programs\Microsoft VS Code\bin;C:\Users\andre\AppData\Roaming\npm;C:\Program Files\Git\usr\bin\vendor_perl;C:\Program Files\Git\usr\bin\core_perl

Yarn version: 
  1.22.19

Node version: 
  16.15.0

Platform: 
  win32 x64

Trace: 
  Error: UNKNOWN: unknown error, scandir 'C:\Users\andre\OneDrive - Prevalentware\PREVALENTWARE\Control Instancias EC2\node_modules\aws-cdk-lib\aws-organizations'

npm manifest: 
  {
    "name": "back-appsync-boilerplate",
    "version": "1.0.0",
    "main": "index.js",
    "license": "MIT",
    "scripts": {
      "build": "tsc",
      "watch": "tsc -w",
      "clean": "yarn rimraf dist",
      "test": "jest",
      "cdk": "cdk",
      "deploy": "yarn clean && yarn build && yarn cdk deploy",
      "destroy": "yarn cdk destroy",
      "synth": "yarn cdk synth > template.yaml"
    },
    "dependencies": {
      "aws-cdk-lib": "^2.62.2",
      "aws-sdk": "^2.1304.0",
      "constructs": "^10.1.235",
      "source-map-support": "^0.5.21"
    },
    "devDependencies": {
      "@types/node": "^18.11.18",
      "aws-cdk": "^2.62.2",
      "copyfiles": "^2.4.1",
      "rimraf": "^4.1.2",
      "ts-node": "^10.9.1",
      "typescript": "^4.9.4"
    }
  }

yarn manifest: 
  No manifest

Lockfile: 
  No lockfile
